(---------------------------------------------------------------------)
(                                                                     )
(    DBDOCTOR                                                         )
(                                                                     )
(    Drawing          : diode_array_ver00.brd                         )
(    Software Version : 17.2P028                                      )
(    Date/Time        : Wed Aug 08 17:07:32 2018                      )
(                                                                     )
(---------------------------------------------------------------------)



ERROR: in CONNECT LINE (-10.0 1.3) - (-3.8 -5.0)
  class = ETCH
  subclass = TOP 
  ERROR(SPMHA1-415): Line segments cannot overlap.
   Error was fixed.

ERROR: in CONNECT LINE (1.3 6.0) - (0.2 6.0)
  class = ETCH
  subclass = TOP 
  ERROR(SPMHA1-415): Line segments cannot overlap.
   Error was fixed.

ERROR: in CONNECT LINE (-1.5 6.0) - (-1.5 7.0)
  class = ETCH
  subclass = TOP 
  ERROR(SPMHA1-415): Line segments cannot overlap.
   Error was fixed.

Regenerating DRC
  Original DRC errors:   20
  Updated DRC errors:    23
  DRC elapsed time:      00:00:01

0 warnings, 3 errors detected, 3 errors  fixed.
