(---------------------------------------------------------------------)
(                                                                     )
(    NC DRILL Log                                                     )
(                                                                     )
(    Drawing          : artificiall_eye_ver00_routed.brd              )
(    Software Version : 17.2P019                                      )
(    Date/Time        : Wed Jul 18 17:39:02 2018                      )
(                                                                     )
(---------------------------------------------------------------------)



 Processing NC Parameters file 'nc_param.txt' ...

 NC PARAMETERS
 -------------

 FORMAT   		2.5
 MACHINE-OFFSET		x:0.00000	y:0.00000   (mm)
 FEEDRATE		1
 COORDINATES		ABSOLUTE
 OUTPUT-UNITS		METRIC
 TOOL-ORDER		INCREASING
 REPEAT-CODES		YES
 SUPPRESS-LEAD-ZEROES	YES
 SUPPRESS-TRAIL-ZEROES	NO
 SUPPRESS-EQUAL		NO
 TOOL-SELECT		NO
 HEADER			none
 LEADER			12
 CODE			ASCII
 SEPARATE		NO
 SEPARATE-ROUTING	NO
 OPTIMIZE_DRILLING	NO
 ENHANCED_EXCELLON	YES
 SCALE			1.000000



 Drill files being output to directory 'D:/Users/Sihwan_lab/Desktop/Workspace/PCBdesign_sk/Artificiall_eye_ver00/allegro' ...



     'artificiall_eye_ver00_routed-1-4.drl' created for holes connecting TOP and BOTTOM
     ----------------------------------------------------------------------------------

           Num     Size      +/- Tolerance     Plating   Quantity

            1.   0.3429    0.0000/  0.0000      PLATED        294
            2.   1.0200    0.1000/  0.1000      PLATED         48
            3.   1.0287    0.1020/  0.1020      PLATED         46
            4.  15.0000    0.1000/  0.1000  NON_PLATED          1

     ---- Total holes:                                        389

     ---- Total head travel:              20.18 feet (6.15 meters)

