Wed Aug 08 17:11:28 2018				Page     1


 
Update Symbols/Modules Logfile
	Wed Aug 08 17:11:28 2018

------ Module Refresh Messages ------

SUMMARY:    Updated 0 out of 0 modules

------ End Module Messages     ------



(---------------------------------------------------------------------)
(                                                                     )
(    Refresh Symbol                                                   )
(                                                                     )
(    Drawing          : diode_array_ver00.brd                         )
(    Software Version : 17.2P019                                      )
(    Date/Time        : Wed Aug 08 17:11:28 2018                      )
(                                                                     )
(---------------------------------------------------------------------)


Wed Aug 08 17:11:28 2018				Page     1


------ Symbol Refresh Directives ------

Input design  = 'D:/USERS/SIHWAN_LAB/DESKTOP/WORKSPACE/PCBDESIGN_SK/DIODE_ARRAY_VER00/allegro/diode_array_ver00.brd'
Output design = ''

Update mechanical symbols              = 'NO'
Update format symbols                  = 'NO'
Update package symbols                 = 'YES'
Update shape/flash symbols             = 'NO'
Update symbol padstacks                = 'NO'
Preserve padstacks replaced on pins    = 'NO'
Reset symbol text and size locations   = 'NO'
Reset Pin Escapes (fanouts)            = 'NO'
Ripup Etch                             = 'NO'
Reset custom drill data                = 'NO'


------ Library Paths ------
PSMPATH =  D:\USERS\SIHWAN_LAB\DESKTOP\WORKSPACE\PCBDESIGN_SK\ARTIFICIALL_EYE_VER00\ALLEGRO\ 

PADPATH =  D:\USERS\SIHWAN_LAB\DESKTOP\WORKSPACE\PCBDESIGN_SK\ARTIFICIALL_EYE_VER00\ALLEGRO\ 


------ Symbol Refresh Messages ------

'DIODE_ARRAY'  symbol refreshed successfully.


----- Symbol Update Summary ----

Updated symbols: 1 out 1
    Design updated.

