(---------------------------------------------------------------------)
(                                                                     )
(    ARTWORK LOG                                                      )
(                                                                     )
(    Drawing          : artificiall_eye_ver00_routed.brd              )
(    Software Version : 17.2P019                                      )
(    Date/Time        : Wed Jul 18 17:22:37 2018                      )
(                                                                     )
(---------------------------------------------------------------------)


 ---- Photoplot outline rectangle not found; using drawing extents.



Results from parameter file ...
    DEVICE-TYPE           GERBER_RS274X
    OUTPUT-UNITS          MM
    FILM-SIZE             2400000 1600000
    FORMAT                2.5
    ABORT-ON-ERROR        NO
    SCALE                 1
    SUPPRESS-LEAD-ZEROES  YES
    SUPPRESS-TRAIL-ZEROES NO
    SUPPRESS-EQUAL        YES
    UNDEF-APT-CONT        NO



================================================================
     PROCESSING FILM < TOP >
     TO FILE < D:/Users/Sihwan_lab/Desktop/Workspace/PCBdesign_sk/Artificiall_eye_ver00/allegro/TOP.art > ...
================================================================

  FILM PARAMETERS :
  ---------------------------------------------------------
  Undefined line width                0.2000
  Mirror code                         NONE
  Rotate angle                        NONE
  Offset x:                           0.0000
  Offset y:                           0.0000
  Plot negative                       NO
  Suppress unconnected internal pads  NO
  Draw holes only                     NO



  APERTURES USED:
  ---------------------------------------------------------
  TYPE       SIZE/NAME                   ROT   MIRROR MODE 
  ---------------------------------------------------------
  CIRCLE     0.15000                                  DARK 
  CIRCLE     0.20000                                  DARK 
  CIRCLE     0.33020                                  DARK 
  CIRCLE     0.35000                                  DARK 
  CIRCLE     0.63500                                  DARK 
  CIRCLE     1.46000                                  DARK 
  CIRCLE     1.46050                                  DARK 
  CIRCLE     15.50000                                 DARK 
  RECTANGLE  0.78990     x 0.51310      90.000 NO     DARK 
  RECTANGLE  0.95000     x 1.00000       0.000 NO     DARK 
  RECTANGLE  1.00080     x 1.24970       0.000 NO     DARK 
  RECTANGLE  1.00080     x 1.24970      90.000 NO     DARK 
  RECTANGLE  1.01600     x 0.40640       0.000 NO     DARK 
  RECTANGLE  1.38000     x 0.45000       0.000 NO     DARK 
  RECTANGLE  1.65100     x 0.33020       0.000 NO     DARK 
  RECTANGLE  1.65100     x 0.33020      90.000 NO     DARK 
  RECTANGLE  1.90000     x 1.17500       0.000 NO     DARK 
  RECTANGLE  1.90000     x 2.37500       0.000 NO     DARK 
  RECTANGLE  2.10000     x 1.47500       0.000 NO     DARK 
  PAD SHAPE  ST100_PAD2                270.000 NO     DARK 

     TOP created.


================================================================
     PROCESSING FILM < POWER >
     TO FILE < D:/Users/Sihwan_lab/Desktop/Workspace/PCBdesign_sk/Artificiall_eye_ver00/allegro/POWER.art > ...
================================================================

  FILM PARAMETERS :
  ---------------------------------------------------------
  Undefined line width                0.2000
  Mirror code                         NONE
  Rotate angle                        NONE
  Offset x:                           0.0000
  Offset y:                           0.0000
  Plot negative                       NO
  Suppress unconnected internal pads  NO
  Draw holes only                     NO



  APERTURES USED:
  ---------------------------------------------------------
  TYPE       SIZE/NAME                   ROT   MIRROR MODE 
  ---------------------------------------------------------
  CIRCLE     0.20000                                  DARK 
  CIRCLE     0.50000                                  DARK 
  CIRCLE     0.63500                                  DARK 
  CIRCLE     1.46000                                  DARK 
  CIRCLE     1.46050                                  DARK 
  CIRCLE     15.50000                                 DARK 

     POWER created.


================================================================
     PROCESSING FILM < GROUND >
     TO FILE < D:/Users/Sihwan_lab/Desktop/Workspace/PCBdesign_sk/Artificiall_eye_ver00/allegro/GROUND.art > ...
================================================================

  FILM PARAMETERS :
  ---------------------------------------------------------
  Undefined line width                0.2000
  Mirror code                         NONE
  Rotate angle                        NONE
  Offset x:                           0.0000
  Offset y:                           0.0000
  Plot negative                       NO
  Suppress unconnected internal pads  NO
  Draw holes only                     NO



  APERTURES USED:
  ---------------------------------------------------------
  TYPE       SIZE/NAME                   ROT   MIRROR MODE 
  ---------------------------------------------------------
  CIRCLE     0.20000                                  DARK 
  CIRCLE     0.50000                                  DARK 
  CIRCLE     0.63500                                  DARK 
  CIRCLE     1.46000                                  DARK 
  CIRCLE     1.46050                                  DARK 
  CIRCLE     15.50000                                 DARK 

     GROUND created.


================================================================
     PROCESSING FILM < BOTTOM >
     TO FILE < D:/Users/Sihwan_lab/Desktop/Workspace/PCBdesign_sk/Artificiall_eye_ver00/allegro/BOTTOM.art > ...
================================================================

  FILM PARAMETERS :
  ---------------------------------------------------------
  Undefined line width                0.2000
  Mirror code                         NONE
  Rotate angle                        NONE
  Offset x:                           0.0000
  Offset y:                           0.0000
  Plot negative                       NO
  Suppress unconnected internal pads  NO
  Draw holes only                     NO



  APERTURES USED:
  ---------------------------------------------------------
  TYPE       SIZE/NAME                   ROT   MIRROR MODE 
  ---------------------------------------------------------
  CIRCLE     0.15000                                  DARK 
  CIRCLE     0.20000                                  DARK 
  CIRCLE     0.30000                                  DARK 
  CIRCLE     0.33020                                  DARK 
  CIRCLE     0.35000                                  DARK 
  CIRCLE     0.63500                                  DARK 
  CIRCLE     1.46000                                  DARK 
  CIRCLE     1.46050                                  DARK 
  CIRCLE     15.50000                                 DARK 
  RECTANGLE  1.00080     x 1.24970       0.000 NO     DARK 
  RECTANGLE  1.00080     x 1.24970      90.000 NO     DARK 
  RECTANGLE  1.30000     x 0.30000       0.000 NO     DARK 
  RECTANGLE  1.30000     x 0.30000      90.000 NO     DARK 
  RECTANGLE  1.65100     x 0.33020       0.000 NO     DARK 
  PAD SHAPE  FERRITE_SHAPE_SYMBOL       90.000 YES    DARK 
  PAD SHAPE  FERRITE_SHAPE_SYMBOL      270.000 YES    DARK 

     BOTTOM created.


================================================================
     PROCESSING FILM < SILK_TOP >
     TO FILE < D:/Users/Sihwan_lab/Desktop/Workspace/PCBdesign_sk/Artificiall_eye_ver00/allegro/SILK_TOP.art > ...
================================================================

  FILM PARAMETERS :
  ---------------------------------------------------------
  Undefined line width                0.2000
  Mirror code                         NONE
  Rotate angle                        NONE
  Offset x:                           0.0000
  Offset y:                           0.0000
  Plot negative                       NO
  Suppress unconnected internal pads  NO
  Draw holes only                     NO

    WARNING: 0 width line found at (1.3030 11.0600)
           ... using undefined line width of 0.2000

    WARNING: Multiple 0 width lines; all will be treated the same as the first.
           ... using undefined line width of 0.2000

    WARNING: text composed 0 width line found at (1.9000 18.6000)
           ... using undefined line width of 0.2000

    WARNING: text having Multiple 0 width lines; all will be treated the same as the first.
           ... using undefined line width of 0.2000



  APERTURES USED:
  ---------------------------------------------------------
  TYPE       SIZE/NAME                   ROT   MIRROR MODE 
  ---------------------------------------------------------
  CIRCLE     0.12700                                  DARK 
  CIRCLE     0.17780                                  DARK 
  CIRCLE     0.20000                                  DARK 

     SILK_TOP created with warnings


================================================================
     PROCESSING FILM < SILK_BOT >
     TO FILE < D:/Users/Sihwan_lab/Desktop/Workspace/PCBdesign_sk/Artificiall_eye_ver00/allegro/SILK_BOT.art > ...
================================================================

  FILM PARAMETERS :
  ---------------------------------------------------------
  Undefined line width                0.2000
  Mirror code                         NONE
  Rotate angle                        NONE
  Offset x:                           0.0000
  Offset y:                           0.0000
  Plot negative                       NO
  Suppress unconnected internal pads  NO
  Draw holes only                     NO



  APERTURES USED:
  ---------------------------------------------------------
  TYPE       SIZE/NAME                   ROT   MIRROR MODE 
  ---------------------------------------------------------
  CIRCLE     0.12700                                  DARK 
  CIRCLE     0.20000                                  DARK 

     SILK_BOT created.


================================================================
     PROCESSING FILM < Soldermask_Top >
     TO FILE < D:/Users/Sihwan_lab/Desktop/Workspace/PCBdesign_sk/Artificiall_eye_ver00/allegro/Soldermask_Top.art > ...
================================================================

  FILM PARAMETERS :
  ---------------------------------------------------------
  Undefined line width                0.2000
  Mirror code                         NONE
  Rotate angle                        NONE
  Offset x:                           0.0000
  Offset y:                           0.0000
  Plot negative                       NO
  Suppress unconnected internal pads  NO
  Draw holes only                     NO



  APERTURES USED:
  ---------------------------------------------------------
  TYPE       SIZE/NAME                   ROT   MIRROR MODE 
  ---------------------------------------------------------
  CIRCLE     0.20000                                  DARK 
  CIRCLE     1.66000                                  DARK 
  CIRCLE     1.66370                                  DARK 
  CIRCLE     15.50000                                 DARK 
  RECTANGLE  0.78990     x 0.51310      90.000 NO     DARK 
  RECTANGLE  1.11000     x 1.16000       0.000 NO     DARK 
  RECTANGLE  1.14300     x 0.53340       0.000 NO     DARK 
  RECTANGLE  1.15060     x 1.39950       0.000 NO     DARK 
  RECTANGLE  1.15060     x 1.39950      90.000 NO     DARK 
  RECTANGLE  1.54000     x 0.61000       0.000 NO     DARK 
  RECTANGLE  1.90500     x 0.45720       0.000 NO     DARK 
  RECTANGLE  1.90500     x 0.45720      90.000 NO     DARK 
  RECTANGLE  2.06000     x 1.33500       0.000 NO     DARK 
  RECTANGLE  2.06000     x 2.53500       0.000 NO     DARK 
  RECTANGLE  2.26000     x 1.63500       0.000 NO     DARK 
  PAD SHAPE  ST100_PAD2_SDMSK          270.000 NO     DARK 

     Soldermask_Top created.


================================================================
     PROCESSING FILM < Soldermask_Bottom >
     TO FILE < D:/Users/Sihwan_lab/Desktop/Workspace/PCBdesign_sk/Artificiall_eye_ver00/allegro/Soldermask_Bottom.art > ...
================================================================

  FILM PARAMETERS :
  ---------------------------------------------------------
  Undefined line width                0.2000
  Mirror code                         NONE
  Rotate angle                        NONE
  Offset x:                           0.0000
  Offset y:                           0.0000
  Plot negative                       NO
  Suppress unconnected internal pads  NO
  Draw holes only                     NO



  APERTURES USED:
  ---------------------------------------------------------
  TYPE       SIZE/NAME                   ROT   MIRROR MODE 
  ---------------------------------------------------------
  CIRCLE     0.20000                                  DARK 
  CIRCLE     1.66000                                  DARK 
  CIRCLE     1.66370                                  DARK 
  CIRCLE     15.50000                                 DARK 
  RECTANGLE  1.06700     x 0.68600      90.000 NO     DARK 
  RECTANGLE  1.15060     x 1.39950       0.000 NO     DARK 
  RECTANGLE  1.15060     x 1.39950      90.000 NO     DARK 
  RECTANGLE  1.80000     x 0.80000       0.000 NO     DARK 
  RECTANGLE  1.80000     x 0.80000      90.000 NO     DARK 
  RECTANGLE  1.90500     x 0.45720       0.000 NO     DARK 

     Soldermask_Bottom created.


================================================================
     PROCESSING FILM < Drill_Draw >
     TO FILE < D:/Users/Sihwan_lab/Desktop/Workspace/PCBdesign_sk/Artificiall_eye_ver00/allegro/Drill_Draw.art > ...
================================================================

  FILM PARAMETERS :
  ---------------------------------------------------------
  Undefined line width                0.2000
  Mirror code                         NONE
  Rotate angle                        NONE
  Offset x:                           0.0000
  Offset y:                           0.0000
  Plot negative                       NO
  Suppress unconnected internal pads  NO
  Draw holes only                     NO



  APERTURES USED:
  ---------------------------------------------------------
  TYPE       SIZE/NAME                   ROT   MIRROR MODE 
  ---------------------------------------------------------
  CIRCLE     0.20000                                  DARK 

     Drill_Draw created.


------------------------------------------------------
 SUMMARY:
        TOP created.
        POWER created.
        GROUND created.
        BOTTOM created.
        SILK_TOP created with warnings
        SILK_BOT created.
        Soldermask_Top created.
        Soldermask_Bottom created.
        Drill_Draw created.

 ARTWORK had warnings
